2026-05-03 23:35:45,611 - [INFO] - [OK] Session Authenticated/Renewed.
2026-05-03 23:35:45,635 - [INFO] - Loaded 4992 safe fields.
2026-05-03 23:35:45,636 - [INFO] - Syncing comprehensive alpha history from WQB...
2026-05-03 23:39:16,815 - [INFO] - Cloud Sync Complete: Found 4863 history alphas.
2026-05-03 23:39:16,836 - [INFO] - V7.8 High-Speed Online. Tasks: 800
2026-05-03 23:41:12,236 - [INFO] - FINISH | S: -0.35 | F: -0.12 | T: 0.17 | SubS: -0.08 | SC: 0.0000 | Factor Correlation
2026-05-03 23:41:19,414 - [INFO] - FINISH | S: -0.02 | F: -0.00 | T: 0.13 | SubS: 0.09 | SC: 0.0000 | Residual Orthogonal
2026-05-03 23:43:13,706 - [INFO] - FINISH | S: 0.30 | F: 0.10 | T: 0.09 | SubS: 0.24 | SC: 0.0000 | Analyst Dispersion
2026-05-03 23:44:52,740 - [INFO] - FINISH | S: 0.23 | F: 0.07 | T: 0.08 | SubS: 0.05 | SC: 0.0000 | Large-Cap Robust Hybrid
2026-05-03 23:45:01,785 - [INFO] - FINISH | S: 0.09 | F: 0.02 | T: 0.10 | SubS: 0.08 | SC: 0.0000 | Analyst Dispersion
2026-05-03 23:45:57,339 - [INFO] - FINISH | S: 0.80 | F: 0.32 | T: 0.04 | SubS: 0.03 | SC: 0.0000 | Peak Timing Momentum
2026-05-03 23:49:03,863 - [INFO] - FINISH | S: 0.11 | F: 0.02 | T: 0.09 | SubS: -0.15 | SC: 0.0000 | Analyst Dispersion
2026-05-03 23:49:47,920 - [INFO] - FINISH | S: -0.54 | F: -0.28 | T: 0.08 | SubS: -0.48 | SC: 0.0000 | Large-Cap Robust Hybrid
2026-05-03 23:51:56,611 - [INFO] - FINISH | S: 0.65 | F: 0.32 | T: 0.16 | SubS: 0.79 | SC: 0.0000 | Residual Orthogonal
2026-05-03 23:52:07,159 - [INFO] - FINISH | S: 0.61 | F: 0.25 | T: 0.09 | SubS: 0.16 | SC: 0.0000 | Factor Correlation
2026-05-03 23:54:22,356 - [INFO] - FINISH | S: -0.41 | F: -0.16 | T: 0.26 | SubS: -0.21 | SC: 0.0000 | Residual Orthogonal
2026-05-03 23:55:11,708 - [INFO] - FINISH | S: -0.42 | F: -0.17 | T: 0.14 | SubS: -0.03 | SC: 0.0000 | Residual Orthogonal
2026-05-03 23:56:16,561 - [INFO] - FINISH | S: 0.36 | F: 0.16 | T: 0.16 | SubS: -0.70 | SC: 0.0000 | Residual Orthogonal
2026-05-03 23:56:57,490 - [INFO] - FINISH | S: 0.53 | F: 0.22 | T: 0.12 | SubS: 0.08 | SC: 0.0000 | Factor Correlation
2026-05-03 23:58:47,430 - [INFO] - FINISH | S: -0.52 | F: -0.31 | T: 0.10 | SubS: -0.51 | SC: 0.0000 | Residual Orthogonal
2026-05-04 00:01:07,859 - [INFO] - FINISH | S: 0.10 | F: 0.02 | T: 0.16 | SubS: -0.21 | SC: 0.0000 | Factor Correlation
2026-05-04 00:02:39,966 - [INFO] - FINISH | S: 0.53 | F: 0.17 | T: 0.16 | SubS: 0.61 | SC: 0.0000 | Factor Correlation
2026-05-04 00:03:38,655 - [INFO] - FINISH | S: 0.47 | F: 0.23 | T: 0.06 | SubS: 0.23 | SC: 0.0000 | Peak Timing Momentum
2026-05-04 00:05:37,936 - [INFO] - FINISH | S: -0.72 | F: -0.47 | T: 0.10 | SubS: -0.20 | SC: 0.0000 | Residual Orthogonal
2026-05-04 00:05:59,475 - [INFO] - FINISH | S: -0.35 | F: -0.24 | T: 0.10 | SubS: -0.55 | SC: 0.0000 | Large-Cap Robust Hybrid
2026-05-04 00:07:26,873 - [INFO] - FINISH | S: 0.06 | F: 0.01 | T: 0.05 | SubS: -0.33 | SC: 0.0000 | Peak Timing Momentum
2026-05-04 00:07:49,004 - [INFO] - FINISH | S: -0.12 | F: -0.02 | T: 0.05 | SubS: -0.21 | SC: 0.0000 | Peak Timing Momentum
2026-05-04 00:12:35,034 - [INFO] - FINISH | S: 0.54 | F: 0.20 | T: 0.06 | SubS: 0.28 | SC: 0.0000 | Peak Timing Momentum
2026-05-04 00:15:00,603 - [INFO] - FINISH | S: -0.14 | F: -0.03 | T: 0.07 | SubS: 0.03 | SC: 0.0000 | Large-Cap Robust Hybrid
2026-05-04 00:18:06,857 - [INFO] - FINISH | S: -0.08 | F: -0.01 | T: 0.17 | SubS: -0.11 | SC: 0.0000 | Factor Correlation
2026-05-04 00:24:46,790 - [INFO] - FINISH | S: 0.24 | F: 0.07 | T: 0.16 | SubS: -0.01 | SC: 0.0000 | Factor Correlation
2026-05-04 00:27:46,593 - [INFO] - FINISH | S: 0.39 | F: 0.15 | T: 0.08 | SubS: -0.24 | SC: 0.0000 | Analyst Dispersion
2026-05-04 00:29:58,954 - [INFO] - FINISH | S: -0.10 | F: -0.02 | T: 0.08 | SubS: 0.16 | SC: 0.0000 | Large-Cap Robust Hybrid
2026-05-04 00:31:46,197 - [INFO] - FINISH | S: 0.29 | F: 0.07 | T: 0.05 | SubS: -0.07 | SC: 0.0000 | Peak Timing Momentum
2026-05-04 00:32:33,561 - [INFO] - FINISH | S: -0.05 | F: -0.01 | T: 0.06 | SubS: 0.48 | SC: 0.0000 | Peak Timing Momentum
2026-05-04 00:33:10,397 - [INFO] - FINISH | S: -0.20 | F: -0.05 | T: 0.07 | SubS: 0.29 | SC: 0.0000 | Peak Timing Momentum
2026-05-04 00:34:27,188 - [INFO] - FINISH | S: 0.07 | F: 0.01 | T: 0.05 | SubS: 0.21 | SC: 0.0000 | Peak Timing Momentum
2026-05-04 00:35:19,758 - [INFO] - FINISH | S: 0.60 | F: 0.46 | T: 0.07 | SubS: -0.34 | SC: 0.0000 | Residual Orthogonal
2026-05-04 00:40:06,931 - [INFO] - FINISH | S: -0.12 | F: -0.03 | T: 0.08 | SubS: 0.54 | SC: 0.0000 | Large-Cap Robust Hybrid
2026-05-04 00:41:05,911 - [INFO] - FINISH | S: 0.14 | F: 0.02 | T: 0.06 | SubS: -0.25 | SC: 0.0000 | Peak Timing Momentum
2026-05-04 00:43:05,957 - [INFO] - FINISH | S: -0.54 | F: -0.21 | T: 0.09 | SubS: -0.27 | SC: 0.0000 | Large-Cap Robust Hybrid
2026-05-04 00:47:50,238 - [INFO] - FINISH | S: 0.45 | F: 0.29 | T: 0.13 | SubS: 0.36 | SC: 0.0000 | Large-Cap Robust Hybrid
2026-05-04 00:47:53,205 - [INFO] - FINISH | S: 0.31 | F: 0.09 | T: 0.05 | SubS: -0.09 | SC: 0.0000 | Peak Timing Momentum
2026-05-04 00:50:16,295 - [INFO] - FINISH | S: 0.08 | F: 0.01 | T: 0.11 | SubS: 0.37 | SC: 0.0000 | Large-Cap Robust Hybrid
2026-05-04 00:50:47,933 - [INFO] - FINISH | S: -0.33 | F: -0.21 | T: 0.10 | SubS: -0.77 | SC: 0.0000 | Residual Orthogonal
2026-05-04 00:53:10,242 - [INFO] - FINISH | S: 0.38 | F: 0.11 | T: 0.05 | SubS: 0.06 | SC: 0.0000 | Peak Timing Momentum
2026-05-04 00:53:51,276 - [INFO] - FINISH | S: 0.09 | F: 0.02 | T: 0.12 | SubS: 0.19 | SC: 0.0000 | Analyst Dispersion
2026-05-04 00:57:10,101 - [INFO] - FINISH | S: -0.55 | F: -0.18 | T: 0.16 | SubS: -0.48 | SC: 0.0000 | Factor Correlation
2026-05-04 00:57:59,188 - [INFO] - FINISH | S: -0.38 | F: -0.14 | T: 0.07 | SubS: 0.11 | SC: 0.0000 | Large-Cap Robust Hybrid
2026-05-04 00:59:51,836 - [INFO] - FINISH | S: -0.51 | F: -0.27 | T: 0.14 | SubS: -0.24 | SC: 0.0000 | Residual Orthogonal
2026-05-04 01:01:59,454 - [INFO] - FINISH | S: 0.04 | F: 0.00 | T: 0.16 | SubS: -0.00 | SC: 0.0000 | Factor Correlation
2026-05-04 01:04:09,746 - [INFO] - FINISH | S: -0.34 | F: -0.13 | T: 0.08 | SubS: -0.04 | SC: 0.0000 | Large-Cap Robust Hybrid
2026-05-04 01:04:58,811 - [INFO] - FINISH | S: -1.00 | F: -1.21 | T: 0.16 | SubS: 0.58 | SC: 0.0000 | Analyst Dispersion
2026-05-04 01:06:32,086 - [INFO] - FINISH | S: 0.25 | F: 0.09 | T: 0.09 | SubS: 0.59 | SC: 0.0000 | Residual Orthogonal
2026-05-04 01:09:08,371 - [INFO] - FINISH | S: -0.03 | F: -0.00 | T: 0.13 | SubS: -0.17 | SC: 0.0000 | Factor Correlation
2026-05-04 01:09:32,095 - [INFO] - FINISH | S: 0.77 | F: 0.38 | T: 0.09 | SubS: 0.33 | SC: 0.0000 | Analyst Dispersion
2026-05-04 01:11:19,476 - [INFO] - FINISH | S: 0.53 | F: 0.19 | T: 0.05 | SubS: 0.59 | SC: 0.0000 | Peak Timing Momentum
2026-05-04 01:12:59,672 - [INFO] - FINISH | S: 0.16 | F: 0.05 | T: 0.08 | SubS: -0.08 | SC: 0.0000 | Large-Cap Robust Hybrid
